Running: C:\Xilinx\14.7\ISE_DS\ISE\bin\nt\unwrapped\fuse.exe -intstyle ise -incremental -o C:/.Xilinx/lab12_czw/VGA_driver_isim_beh.exe -prj C:/.Xilinx/lab12_czw/VGA_driver_beh.prj work.VGA_driver 
ISim P.20131013 (signature 0x8ef4fb42)
Number of CPUs detected in this system: 2
Turning on mult-threading, number of parallel sub-compilation jobs: 4 
Determining compilation order of HDL files
Parsing VHDL file "C:/.Xilinx/lab12_czw/VGA_Driver.vhd" into library work
Starting static elaboration
Completed static elaboration
Fuse Memory Usage: 101872 KB
Fuse CPU Usage: 264 ms
Compiling package standard
Compiling package std_logic_1164
Compiling package std_logic_arith
Compiling package std_logic_unsigned
Compiling architecture behavioral of entity vga_driver
Time Resolution for simulation is 1ps.
Compiled 5 VHDL Units
Built simulation executable C:/.Xilinx/lab12_czw/VGA_driver_isim_beh.exe
Fuse Memory Usage: 116896 KB
Fuse CPU Usage: 436 ms
